[2021-03-09 11:25:31,815] {scheduler_job.py:153} INFO - Started process (PID=12875) to work on /home/rep/Documents/Iquall/iquall-stack-practice/Airflow/airflow_home/dags/hello_world.py
[2021-03-09 11:25:31,816] {scheduler_job.py:1560} INFO - Processing file /home/rep/Documents/Iquall/iquall-stack-practice/Airflow/airflow_home/dags/hello_world.py for tasks to queue
[2021-03-09 11:25:31,817] {logging_mixin.py:112} INFO - [2021-03-09 11:25:31,817] {dagbag.py:403} INFO - Filling up the DagBag from /home/rep/Documents/Iquall/iquall-stack-practice/Airflow/airflow_home/dags/hello_world.py
[2021-03-09 11:25:31,824] {scheduler_job.py:1572} INFO - DAG(s) dict_keys(['hello_world']) retrieved from /home/rep/Documents/Iquall/iquall-stack-practice/Airflow/airflow_home/dags/hello_world.py
[2021-03-09 11:25:31,908] {logging_mixin.py:112} INFO - [2021-03-09 11:25:31,908] {dag.py:1485} INFO - Creating ORM DAG for hello_world
[2021-03-09 11:25:31,990] {scheduler_job.py:161} INFO - Processing /home/rep/Documents/Iquall/iquall-stack-practice/Airflow/airflow_home/dags/hello_world.py took 0.175 seconds
[2021-03-09 11:26:19,863] {scheduler_job.py:153} INFO - Started process (PID=13584) to work on /home/rep/Documents/Iquall/iquall-stack-practice/Airflow/airflow_home/dags/hello_world.py
[2021-03-09 11:26:19,864] {scheduler_job.py:1560} INFO - Processing file /home/rep/Documents/Iquall/iquall-stack-practice/Airflow/airflow_home/dags/hello_world.py for tasks to queue
[2021-03-09 11:26:19,865] {logging_mixin.py:112} INFO - [2021-03-09 11:26:19,864] {dagbag.py:403} INFO - Filling up the DagBag from /home/rep/Documents/Iquall/iquall-stack-practice/Airflow/airflow_home/dags/hello_world.py
[2021-03-09 11:26:19,869] {scheduler_job.py:1572} INFO - DAG(s) dict_keys(['hello_world']) retrieved from /home/rep/Documents/Iquall/iquall-stack-practice/Airflow/airflow_home/dags/hello_world.py
[2021-03-09 11:26:20,077] {scheduler_job.py:161} INFO - Processing /home/rep/Documents/Iquall/iquall-stack-practice/Airflow/airflow_home/dags/hello_world.py took 0.214 seconds
[2021-03-09 11:27:07,911] {scheduler_job.py:153} INFO - Started process (PID=14294) to work on /home/rep/Documents/Iquall/iquall-stack-practice/Airflow/airflow_home/dags/hello_world.py
[2021-03-09 11:27:07,912] {scheduler_job.py:1560} INFO - Processing file /home/rep/Documents/Iquall/iquall-stack-practice/Airflow/airflow_home/dags/hello_world.py for tasks to queue
[2021-03-09 11:27:07,912] {logging_mixin.py:112} INFO - [2021-03-09 11:27:07,912] {dagbag.py:403} INFO - Filling up the DagBag from /home/rep/Documents/Iquall/iquall-stack-practice/Airflow/airflow_home/dags/hello_world.py
[2021-03-09 11:27:07,917] {scheduler_job.py:1572} INFO - DAG(s) dict_keys(['hello_world']) retrieved from /home/rep/Documents/Iquall/iquall-stack-practice/Airflow/airflow_home/dags/hello_world.py
[2021-03-09 11:27:08,133] {scheduler_job.py:161} INFO - Processing /home/rep/Documents/Iquall/iquall-stack-practice/Airflow/airflow_home/dags/hello_world.py took 0.222 seconds
[2021-03-09 11:27:55,958] {scheduler_job.py:153} INFO - Started process (PID=15006) to work on /home/rep/Documents/Iquall/iquall-stack-practice/Airflow/airflow_home/dags/hello_world.py
[2021-03-09 11:27:55,960] {scheduler_job.py:1560} INFO - Processing file /home/rep/Documents/Iquall/iquall-stack-practice/Airflow/airflow_home/dags/hello_world.py for tasks to queue
[2021-03-09 11:27:55,960] {logging_mixin.py:112} INFO - [2021-03-09 11:27:55,960] {dagbag.py:403} INFO - Filling up the DagBag from /home/rep/Documents/Iquall/iquall-stack-practice/Airflow/airflow_home/dags/hello_world.py
[2021-03-09 11:27:55,964] {scheduler_job.py:1572} INFO - DAG(s) dict_keys(['hello_world']) retrieved from /home/rep/Documents/Iquall/iquall-stack-practice/Airflow/airflow_home/dags/hello_world.py
[2021-03-09 11:27:56,172] {scheduler_job.py:161} INFO - Processing /home/rep/Documents/Iquall/iquall-stack-practice/Airflow/airflow_home/dags/hello_world.py took 0.213 seconds
[2021-03-09 11:28:44,006] {scheduler_job.py:153} INFO - Started process (PID=15709) to work on /home/rep/Documents/Iquall/iquall-stack-practice/Airflow/airflow_home/dags/hello_world.py
[2021-03-09 11:28:44,007] {scheduler_job.py:1560} INFO - Processing file /home/rep/Documents/Iquall/iquall-stack-practice/Airflow/airflow_home/dags/hello_world.py for tasks to queue
[2021-03-09 11:28:44,008] {logging_mixin.py:112} INFO - [2021-03-09 11:28:44,008] {dagbag.py:403} INFO - Filling up the DagBag from /home/rep/Documents/Iquall/iquall-stack-practice/Airflow/airflow_home/dags/hello_world.py
[2021-03-09 11:28:44,012] {scheduler_job.py:1572} INFO - DAG(s) dict_keys(['hello_world']) retrieved from /home/rep/Documents/Iquall/iquall-stack-practice/Airflow/airflow_home/dags/hello_world.py
[2021-03-09 11:28:44,215] {scheduler_job.py:161} INFO - Processing /home/rep/Documents/Iquall/iquall-stack-practice/Airflow/airflow_home/dags/hello_world.py took 0.209 seconds
[2021-03-09 11:29:32,054] {scheduler_job.py:153} INFO - Started process (PID=16443) to work on /home/rep/Documents/Iquall/iquall-stack-practice/Airflow/airflow_home/dags/hello_world.py
[2021-03-09 11:29:32,056] {scheduler_job.py:1560} INFO - Processing file /home/rep/Documents/Iquall/iquall-stack-practice/Airflow/airflow_home/dags/hello_world.py for tasks to queue
[2021-03-09 11:29:32,056] {logging_mixin.py:112} INFO - [2021-03-09 11:29:32,056] {dagbag.py:403} INFO - Filling up the DagBag from /home/rep/Documents/Iquall/iquall-stack-practice/Airflow/airflow_home/dags/hello_world.py
[2021-03-09 11:29:32,061] {scheduler_job.py:1572} INFO - DAG(s) dict_keys(['hello_world']) retrieved from /home/rep/Documents/Iquall/iquall-stack-practice/Airflow/airflow_home/dags/hello_world.py
[2021-03-09 11:29:32,239] {scheduler_job.py:161} INFO - Processing /home/rep/Documents/Iquall/iquall-stack-practice/Airflow/airflow_home/dags/hello_world.py took 0.185 seconds
[2021-03-09 11:30:20,098] {scheduler_job.py:153} INFO - Started process (PID=17154) to work on /home/rep/Documents/Iquall/iquall-stack-practice/Airflow/airflow_home/dags/hello_world.py
[2021-03-09 11:30:20,100] {scheduler_job.py:1560} INFO - Processing file /home/rep/Documents/Iquall/iquall-stack-practice/Airflow/airflow_home/dags/hello_world.py for tasks to queue
[2021-03-09 11:30:20,100] {logging_mixin.py:112} INFO - [2021-03-09 11:30:20,100] {dagbag.py:403} INFO - Filling up the DagBag from /home/rep/Documents/Iquall/iquall-stack-practice/Airflow/airflow_home/dags/hello_world.py
[2021-03-09 11:30:20,105] {scheduler_job.py:1572} INFO - DAG(s) dict_keys(['hello_world']) retrieved from /home/rep/Documents/Iquall/iquall-stack-practice/Airflow/airflow_home/dags/hello_world.py
[2021-03-09 11:30:20,324] {scheduler_job.py:161} INFO - Processing /home/rep/Documents/Iquall/iquall-stack-practice/Airflow/airflow_home/dags/hello_world.py took 0.226 seconds
[2021-03-09 11:31:08,148] {scheduler_job.py:153} INFO - Started process (PID=17895) to work on /home/rep/Documents/Iquall/iquall-stack-practice/Airflow/airflow_home/dags/hello_world.py
[2021-03-09 11:31:08,150] {scheduler_job.py:1560} INFO - Processing file /home/rep/Documents/Iquall/iquall-stack-practice/Airflow/airflow_home/dags/hello_world.py for tasks to queue
[2021-03-09 11:31:08,150] {logging_mixin.py:112} INFO - [2021-03-09 11:31:08,150] {dagbag.py:403} INFO - Filling up the DagBag from /home/rep/Documents/Iquall/iquall-stack-practice/Airflow/airflow_home/dags/hello_world.py
[2021-03-09 11:31:08,155] {scheduler_job.py:1572} INFO - DAG(s) dict_keys(['hello_world']) retrieved from /home/rep/Documents/Iquall/iquall-stack-practice/Airflow/airflow_home/dags/hello_world.py
[2021-03-09 11:31:08,324] {scheduler_job.py:161} INFO - Processing /home/rep/Documents/Iquall/iquall-stack-practice/Airflow/airflow_home/dags/hello_world.py took 0.176 seconds
[2021-03-09 11:31:56,193] {scheduler_job.py:153} INFO - Started process (PID=18601) to work on /home/rep/Documents/Iquall/iquall-stack-practice/Airflow/airflow_home/dags/hello_world.py
[2021-03-09 11:31:56,195] {scheduler_job.py:1560} INFO - Processing file /home/rep/Documents/Iquall/iquall-stack-practice/Airflow/airflow_home/dags/hello_world.py for tasks to queue
[2021-03-09 11:31:56,195] {logging_mixin.py:112} INFO - [2021-03-09 11:31:56,195] {dagbag.py:403} INFO - Filling up the DagBag from /home/rep/Documents/Iquall/iquall-stack-practice/Airflow/airflow_home/dags/hello_world.py
[2021-03-09 11:31:56,200] {scheduler_job.py:1572} INFO - DAG(s) dict_keys(['hello_world']) retrieved from /home/rep/Documents/Iquall/iquall-stack-practice/Airflow/airflow_home/dags/hello_world.py
[2021-03-09 11:31:56,408] {scheduler_job.py:161} INFO - Processing /home/rep/Documents/Iquall/iquall-stack-practice/Airflow/airflow_home/dags/hello_world.py took 0.214 seconds
[2021-03-09 11:32:44,242] {scheduler_job.py:153} INFO - Started process (PID=19324) to work on /home/rep/Documents/Iquall/iquall-stack-practice/Airflow/airflow_home/dags/hello_world.py
[2021-03-09 11:32:44,244] {scheduler_job.py:1560} INFO - Processing file /home/rep/Documents/Iquall/iquall-stack-practice/Airflow/airflow_home/dags/hello_world.py for tasks to queue
[2021-03-09 11:32:44,244] {logging_mixin.py:112} INFO - [2021-03-09 11:32:44,244] {dagbag.py:403} INFO - Filling up the DagBag from /home/rep/Documents/Iquall/iquall-stack-practice/Airflow/airflow_home/dags/hello_world.py
[2021-03-09 11:32:44,248] {scheduler_job.py:1572} INFO - DAG(s) dict_keys(['hello_world']) retrieved from /home/rep/Documents/Iquall/iquall-stack-practice/Airflow/airflow_home/dags/hello_world.py
[2021-03-09 11:32:44,475] {scheduler_job.py:161} INFO - Processing /home/rep/Documents/Iquall/iquall-stack-practice/Airflow/airflow_home/dags/hello_world.py took 0.232 seconds
[2021-03-09 11:33:32,290] {scheduler_job.py:153} INFO - Started process (PID=20032) to work on /home/rep/Documents/Iquall/iquall-stack-practice/Airflow/airflow_home/dags/hello_world.py
[2021-03-09 11:33:32,291] {scheduler_job.py:1560} INFO - Processing file /home/rep/Documents/Iquall/iquall-stack-practice/Airflow/airflow_home/dags/hello_world.py for tasks to queue
[2021-03-09 11:33:32,291] {logging_mixin.py:112} INFO - [2021-03-09 11:33:32,291] {dagbag.py:403} INFO - Filling up the DagBag from /home/rep/Documents/Iquall/iquall-stack-practice/Airflow/airflow_home/dags/hello_world.py
[2021-03-09 11:33:32,296] {scheduler_job.py:1572} INFO - DAG(s) dict_keys(['hello_world']) retrieved from /home/rep/Documents/Iquall/iquall-stack-practice/Airflow/airflow_home/dags/hello_world.py
[2021-03-09 11:33:32,507] {scheduler_job.py:161} INFO - Processing /home/rep/Documents/Iquall/iquall-stack-practice/Airflow/airflow_home/dags/hello_world.py took 0.218 seconds
[2021-03-09 11:34:20,338] {scheduler_job.py:153} INFO - Started process (PID=20725) to work on /home/rep/Documents/Iquall/iquall-stack-practice/Airflow/airflow_home/dags/hello_world.py
[2021-03-09 11:34:20,340] {scheduler_job.py:1560} INFO - Processing file /home/rep/Documents/Iquall/iquall-stack-practice/Airflow/airflow_home/dags/hello_world.py for tasks to queue
[2021-03-09 11:34:20,340] {logging_mixin.py:112} INFO - [2021-03-09 11:34:20,340] {dagbag.py:403} INFO - Filling up the DagBag from /home/rep/Documents/Iquall/iquall-stack-practice/Airflow/airflow_home/dags/hello_world.py
[2021-03-09 11:34:20,344] {scheduler_job.py:1572} INFO - DAG(s) dict_keys(['hello_world']) retrieved from /home/rep/Documents/Iquall/iquall-stack-practice/Airflow/airflow_home/dags/hello_world.py
[2021-03-09 11:34:20,574] {scheduler_job.py:161} INFO - Processing /home/rep/Documents/Iquall/iquall-stack-practice/Airflow/airflow_home/dags/hello_world.py took 0.235 seconds
[2021-03-09 11:35:08,386] {scheduler_job.py:153} INFO - Started process (PID=21442) to work on /home/rep/Documents/Iquall/iquall-stack-practice/Airflow/airflow_home/dags/hello_world.py
[2021-03-09 11:35:08,387] {scheduler_job.py:1560} INFO - Processing file /home/rep/Documents/Iquall/iquall-stack-practice/Airflow/airflow_home/dags/hello_world.py for tasks to queue
[2021-03-09 11:35:08,388] {logging_mixin.py:112} INFO - [2021-03-09 11:35:08,388] {dagbag.py:403} INFO - Filling up the DagBag from /home/rep/Documents/Iquall/iquall-stack-practice/Airflow/airflow_home/dags/hello_world.py
[2021-03-09 11:35:08,392] {scheduler_job.py:1572} INFO - DAG(s) dict_keys(['hello_world']) retrieved from /home/rep/Documents/Iquall/iquall-stack-practice/Airflow/airflow_home/dags/hello_world.py
[2021-03-09 11:35:08,631] {scheduler_job.py:161} INFO - Processing /home/rep/Documents/Iquall/iquall-stack-practice/Airflow/airflow_home/dags/hello_world.py took 0.245 seconds
[2021-03-09 11:35:56,434] {scheduler_job.py:153} INFO - Started process (PID=22180) to work on /home/rep/Documents/Iquall/iquall-stack-practice/Airflow/airflow_home/dags/hello_world.py
[2021-03-09 11:35:56,436] {scheduler_job.py:1560} INFO - Processing file /home/rep/Documents/Iquall/iquall-stack-practice/Airflow/airflow_home/dags/hello_world.py for tasks to queue
[2021-03-09 11:35:56,436] {logging_mixin.py:112} INFO - [2021-03-09 11:35:56,436] {dagbag.py:403} INFO - Filling up the DagBag from /home/rep/Documents/Iquall/iquall-stack-practice/Airflow/airflow_home/dags/hello_world.py
[2021-03-09 11:35:56,441] {scheduler_job.py:1572} INFO - DAG(s) dict_keys(['hello_world']) retrieved from /home/rep/Documents/Iquall/iquall-stack-practice/Airflow/airflow_home/dags/hello_world.py
[2021-03-09 11:35:56,614] {scheduler_job.py:161} INFO - Processing /home/rep/Documents/Iquall/iquall-stack-practice/Airflow/airflow_home/dags/hello_world.py took 0.179 seconds
[2021-03-09 11:36:44,483] {scheduler_job.py:153} INFO - Started process (PID=22866) to work on /home/rep/Documents/Iquall/iquall-stack-practice/Airflow/airflow_home/dags/hello_world.py
[2021-03-09 11:36:44,484] {scheduler_job.py:1560} INFO - Processing file /home/rep/Documents/Iquall/iquall-stack-practice/Airflow/airflow_home/dags/hello_world.py for tasks to queue
[2021-03-09 11:36:44,485] {logging_mixin.py:112} INFO - [2021-03-09 11:36:44,485] {dagbag.py:403} INFO - Filling up the DagBag from /home/rep/Documents/Iquall/iquall-stack-practice/Airflow/airflow_home/dags/hello_world.py
[2021-03-09 11:36:44,489] {scheduler_job.py:1572} INFO - DAG(s) dict_keys(['hello_world']) retrieved from /home/rep/Documents/Iquall/iquall-stack-practice/Airflow/airflow_home/dags/hello_world.py
[2021-03-09 11:36:44,704] {scheduler_job.py:161} INFO - Processing /home/rep/Documents/Iquall/iquall-stack-practice/Airflow/airflow_home/dags/hello_world.py took 0.221 seconds
[2021-03-09 11:37:32,531] {scheduler_job.py:153} INFO - Started process (PID=23549) to work on /home/rep/Documents/Iquall/iquall-stack-practice/Airflow/airflow_home/dags/hello_world.py
[2021-03-09 11:37:32,533] {scheduler_job.py:1560} INFO - Processing file /home/rep/Documents/Iquall/iquall-stack-practice/Airflow/airflow_home/dags/hello_world.py for tasks to queue
[2021-03-09 11:37:32,533] {logging_mixin.py:112} INFO - [2021-03-09 11:37:32,533] {dagbag.py:403} INFO - Filling up the DagBag from /home/rep/Documents/Iquall/iquall-stack-practice/Airflow/airflow_home/dags/hello_world.py
[2021-03-09 11:37:32,538] {scheduler_job.py:1572} INFO - DAG(s) dict_keys(['hello_world']) retrieved from /home/rep/Documents/Iquall/iquall-stack-practice/Airflow/airflow_home/dags/hello_world.py
[2021-03-09 11:37:32,745] {scheduler_job.py:161} INFO - Processing /home/rep/Documents/Iquall/iquall-stack-practice/Airflow/airflow_home/dags/hello_world.py took 0.214 seconds
[2021-03-09 11:38:20,580] {scheduler_job.py:153} INFO - Started process (PID=24265) to work on /home/rep/Documents/Iquall/iquall-stack-practice/Airflow/airflow_home/dags/hello_world.py
[2021-03-09 11:38:20,582] {scheduler_job.py:1560} INFO - Processing file /home/rep/Documents/Iquall/iquall-stack-practice/Airflow/airflow_home/dags/hello_world.py for tasks to queue
[2021-03-09 11:38:20,582] {logging_mixin.py:112} INFO - [2021-03-09 11:38:20,582] {dagbag.py:403} INFO - Filling up the DagBag from /home/rep/Documents/Iquall/iquall-stack-practice/Airflow/airflow_home/dags/hello_world.py
[2021-03-09 11:38:20,587] {scheduler_job.py:1572} INFO - DAG(s) dict_keys(['hello_world']) retrieved from /home/rep/Documents/Iquall/iquall-stack-practice/Airflow/airflow_home/dags/hello_world.py
[2021-03-09 11:38:20,819] {scheduler_job.py:161} INFO - Processing /home/rep/Documents/Iquall/iquall-stack-practice/Airflow/airflow_home/dags/hello_world.py took 0.238 seconds
[2021-03-09 11:39:08,626] {scheduler_job.py:153} INFO - Started process (PID=24952) to work on /home/rep/Documents/Iquall/iquall-stack-practice/Airflow/airflow_home/dags/hello_world.py
[2021-03-09 11:39:08,627] {scheduler_job.py:1560} INFO - Processing file /home/rep/Documents/Iquall/iquall-stack-practice/Airflow/airflow_home/dags/hello_world.py for tasks to queue
[2021-03-09 11:39:08,627] {logging_mixin.py:112} INFO - [2021-03-09 11:39:08,627] {dagbag.py:403} INFO - Filling up the DagBag from /home/rep/Documents/Iquall/iquall-stack-practice/Airflow/airflow_home/dags/hello_world.py
[2021-03-09 11:39:08,632] {scheduler_job.py:1572} INFO - DAG(s) dict_keys(['hello_world']) retrieved from /home/rep/Documents/Iquall/iquall-stack-practice/Airflow/airflow_home/dags/hello_world.py
[2021-03-09 11:39:08,817] {scheduler_job.py:161} INFO - Processing /home/rep/Documents/Iquall/iquall-stack-practice/Airflow/airflow_home/dags/hello_world.py took 0.192 seconds
[2021-03-09 11:39:56,674] {scheduler_job.py:153} INFO - Started process (PID=25668) to work on /home/rep/Documents/Iquall/iquall-stack-practice/Airflow/airflow_home/dags/hello_world.py
[2021-03-09 11:39:56,676] {scheduler_job.py:1560} INFO - Processing file /home/rep/Documents/Iquall/iquall-stack-practice/Airflow/airflow_home/dags/hello_world.py for tasks to queue
[2021-03-09 11:39:56,677] {logging_mixin.py:112} INFO - [2021-03-09 11:39:56,676] {dagbag.py:403} INFO - Filling up the DagBag from /home/rep/Documents/Iquall/iquall-stack-practice/Airflow/airflow_home/dags/hello_world.py
[2021-03-09 11:39:56,682] {scheduler_job.py:1572} INFO - DAG(s) dict_keys(['hello_world']) retrieved from /home/rep/Documents/Iquall/iquall-stack-practice/Airflow/airflow_home/dags/hello_world.py
[2021-03-09 11:39:56,888] {scheduler_job.py:161} INFO - Processing /home/rep/Documents/Iquall/iquall-stack-practice/Airflow/airflow_home/dags/hello_world.py took 0.213 seconds
[2021-03-09 11:40:44,724] {scheduler_job.py:153} INFO - Started process (PID=26384) to work on /home/rep/Documents/Iquall/iquall-stack-practice/Airflow/airflow_home/dags/hello_world.py
[2021-03-09 11:40:44,726] {scheduler_job.py:1560} INFO - Processing file /home/rep/Documents/Iquall/iquall-stack-practice/Airflow/airflow_home/dags/hello_world.py for tasks to queue
[2021-03-09 11:40:44,726] {logging_mixin.py:112} INFO - [2021-03-09 11:40:44,726] {dagbag.py:403} INFO - Filling up the DagBag from /home/rep/Documents/Iquall/iquall-stack-practice/Airflow/airflow_home/dags/hello_world.py
[2021-03-09 11:40:44,731] {scheduler_job.py:1572} INFO - DAG(s) dict_keys(['hello_world']) retrieved from /home/rep/Documents/Iquall/iquall-stack-practice/Airflow/airflow_home/dags/hello_world.py
[2021-03-09 11:40:44,923] {scheduler_job.py:161} INFO - Processing /home/rep/Documents/Iquall/iquall-stack-practice/Airflow/airflow_home/dags/hello_world.py took 0.199 seconds
[2021-03-09 11:41:32,770] {scheduler_job.py:153} INFO - Started process (PID=27082) to work on /home/rep/Documents/Iquall/iquall-stack-practice/Airflow/airflow_home/dags/hello_world.py
[2021-03-09 11:41:32,772] {scheduler_job.py:1560} INFO - Processing file /home/rep/Documents/Iquall/iquall-stack-practice/Airflow/airflow_home/dags/hello_world.py for tasks to queue
[2021-03-09 11:41:32,772] {logging_mixin.py:112} INFO - [2021-03-09 11:41:32,772] {dagbag.py:403} INFO - Filling up the DagBag from /home/rep/Documents/Iquall/iquall-stack-practice/Airflow/airflow_home/dags/hello_world.py
[2021-03-09 11:41:32,776] {scheduler_job.py:1572} INFO - DAG(s) dict_keys(['hello_world']) retrieved from /home/rep/Documents/Iquall/iquall-stack-practice/Airflow/airflow_home/dags/hello_world.py
[2021-03-09 11:41:32,992] {scheduler_job.py:161} INFO - Processing /home/rep/Documents/Iquall/iquall-stack-practice/Airflow/airflow_home/dags/hello_world.py took 0.222 seconds
[2021-03-09 11:42:20,819] {scheduler_job.py:153} INFO - Started process (PID=27756) to work on /home/rep/Documents/Iquall/iquall-stack-practice/Airflow/airflow_home/dags/hello_world.py
[2021-03-09 11:42:20,820] {scheduler_job.py:1560} INFO - Processing file /home/rep/Documents/Iquall/iquall-stack-practice/Airflow/airflow_home/dags/hello_world.py for tasks to queue
[2021-03-09 11:42:20,821] {logging_mixin.py:112} INFO - [2021-03-09 11:42:20,821] {dagbag.py:403} INFO - Filling up the DagBag from /home/rep/Documents/Iquall/iquall-stack-practice/Airflow/airflow_home/dags/hello_world.py
[2021-03-09 11:42:20,825] {scheduler_job.py:1572} INFO - DAG(s) dict_keys(['hello_world']) retrieved from /home/rep/Documents/Iquall/iquall-stack-practice/Airflow/airflow_home/dags/hello_world.py
[2021-03-09 11:42:21,019] {scheduler_job.py:161} INFO - Processing /home/rep/Documents/Iquall/iquall-stack-practice/Airflow/airflow_home/dags/hello_world.py took 0.200 seconds
[2021-03-09 11:43:08,866] {scheduler_job.py:153} INFO - Started process (PID=28447) to work on /home/rep/Documents/Iquall/iquall-stack-practice/Airflow/airflow_home/dags/hello_world.py
[2021-03-09 11:43:08,868] {scheduler_job.py:1560} INFO - Processing file /home/rep/Documents/Iquall/iquall-stack-practice/Airflow/airflow_home/dags/hello_world.py for tasks to queue
[2021-03-09 11:43:08,868] {logging_mixin.py:112} INFO - [2021-03-09 11:43:08,868] {dagbag.py:403} INFO - Filling up the DagBag from /home/rep/Documents/Iquall/iquall-stack-practice/Airflow/airflow_home/dags/hello_world.py
[2021-03-09 11:43:08,873] {scheduler_job.py:1572} INFO - DAG(s) dict_keys(['hello_world']) retrieved from /home/rep/Documents/Iquall/iquall-stack-practice/Airflow/airflow_home/dags/hello_world.py
[2021-03-09 11:43:09,084] {scheduler_job.py:1282} INFO - Processing hello_world
[2021-03-09 11:43:09,281] {scheduler_job.py:1292} INFO - Created <DagRun hello_world @ 2021-03-08 12:00:00+00:00: scheduled__2021-03-08T12:00:00+00:00, externally triggered: False>
[2021-03-09 11:43:09,285] {scheduler_job.py:757} INFO - Examining DAG run <DagRun hello_world @ 2021-03-08 12:00:00+00:00: scheduled__2021-03-08T12:00:00+00:00, externally triggered: False>
[2021-03-09 11:43:09,291] {scheduler_job.py:757} INFO - Examining DAG run <DagRun hello_world @ 2021-03-09 14:43:02.950184+00:00: manual__2021-03-09T14:43:02.950184+00:00, externally triggered: True>
[2021-03-09 11:43:09,304] {scheduler_job.py:446} INFO - Skipping SLA check for <DAG: hello_world> because no tasks in DAG have SLAs
[2021-03-09 11:43:09,307] {scheduler_job.py:1634} INFO - Creating / updating <TaskInstance: hello_world.dummy_task 2021-03-08 12:00:00+00:00 [scheduled]> in ORM
[2021-03-09 11:43:09,309] {scheduler_job.py:1634} INFO - Creating / updating <TaskInstance: hello_world.dummy_task 2021-03-09 14:43:02.950184+00:00 [scheduled]> in ORM
[2021-03-09 11:43:09,399] {scheduler_job.py:161} INFO - Processing /home/rep/Documents/Iquall/iquall-stack-practice/Airflow/airflow_home/dags/hello_world.py took 0.533 seconds
[2021-03-09 11:44:18,629] {scheduler_job.py:153} INFO - Started process (PID=29487) to work on /home/rep/Documents/Iquall/iquall-stack-practice/Airflow/airflow_home/dags/hello_world.py
[2021-03-09 11:44:18,630] {scheduler_job.py:1560} INFO - Processing file /home/rep/Documents/Iquall/iquall-stack-practice/Airflow/airflow_home/dags/hello_world.py for tasks to queue
[2021-03-09 11:44:18,630] {logging_mixin.py:112} INFO - [2021-03-09 11:44:18,630] {dagbag.py:403} INFO - Filling up the DagBag from /home/rep/Documents/Iquall/iquall-stack-practice/Airflow/airflow_home/dags/hello_world.py
[2021-03-09 11:44:18,636] {scheduler_job.py:1572} INFO - DAG(s) dict_keys(['hello_world']) retrieved from /home/rep/Documents/Iquall/iquall-stack-practice/Airflow/airflow_home/dags/hello_world.py
[2021-03-09 11:44:18,763] {scheduler_job.py:1282} INFO - Processing hello_world
[2021-03-09 11:44:18,778] {scheduler_job.py:757} INFO - Examining DAG run <DagRun hello_world @ 2021-03-08 12:00:00+00:00: scheduled__2021-03-08T12:00:00+00:00, externally triggered: False>
[2021-03-09 11:44:18,789] {scheduler_job.py:757} INFO - Examining DAG run <DagRun hello_world @ 2021-03-09 14:43:02.950184+00:00: manual__2021-03-09T14:43:02.950184+00:00, externally triggered: True>
[2021-03-09 11:44:18,805] {scheduler_job.py:446} INFO - Skipping SLA check for <DAG: hello_world> because no tasks in DAG have SLAs
[2021-03-09 11:44:18,808] {scheduler_job.py:1634} INFO - Creating / updating <TaskInstance: hello_world.hello_task 2021-03-08 12:00:00+00:00 [scheduled]> in ORM
[2021-03-09 11:44:18,810] {scheduler_job.py:1634} INFO - Creating / updating <TaskInstance: hello_world.hello_task 2021-03-09 14:43:02.950184+00:00 [scheduled]> in ORM
[2021-03-09 11:44:18,935] {scheduler_job.py:161} INFO - Processing /home/rep/Documents/Iquall/iquall-stack-practice/Airflow/airflow_home/dags/hello_world.py took 0.306 seconds
[2021-03-09 11:45:28,522] {scheduler_job.py:153} INFO - Started process (PID=30636) to work on /home/rep/Documents/Iquall/iquall-stack-practice/Airflow/airflow_home/dags/hello_world.py
[2021-03-09 11:45:28,524] {scheduler_job.py:1560} INFO - Processing file /home/rep/Documents/Iquall/iquall-stack-practice/Airflow/airflow_home/dags/hello_world.py for tasks to queue
[2021-03-09 11:45:28,524] {logging_mixin.py:112} INFO - [2021-03-09 11:45:28,524] {dagbag.py:403} INFO - Filling up the DagBag from /home/rep/Documents/Iquall/iquall-stack-practice/Airflow/airflow_home/dags/hello_world.py
[2021-03-09 11:45:28,529] {scheduler_job.py:1572} INFO - DAG(s) dict_keys(['hello_world']) retrieved from /home/rep/Documents/Iquall/iquall-stack-practice/Airflow/airflow_home/dags/hello_world.py
[2021-03-09 11:45:28,790] {scheduler_job.py:1282} INFO - Processing hello_world
[2021-03-09 11:45:28,803] {scheduler_job.py:757} INFO - Examining DAG run <DagRun hello_world @ 2021-03-08 12:00:00+00:00: scheduled__2021-03-08T12:00:00+00:00, externally triggered: False>
[2021-03-09 11:45:28,809] {logging_mixin.py:112} INFO - [2021-03-09 11:45:28,809] {dagrun.py:318} INFO - Marking run <DagRun hello_world @ 2021-03-08 12:00:00+00:00: scheduled__2021-03-08T12:00:00+00:00, externally triggered: False> successful
[2021-03-09 11:45:28,964] {scheduler_job.py:757} INFO - Examining DAG run <DagRun hello_world @ 2021-03-09 14:43:02.950184+00:00: manual__2021-03-09T14:43:02.950184+00:00, externally triggered: True>
[2021-03-09 11:45:28,971] {logging_mixin.py:112} INFO - [2021-03-09 11:45:28,971] {dagrun.py:318} INFO - Marking run <DagRun hello_world @ 2021-03-09 14:43:02.950184+00:00: manual__2021-03-09T14:43:02.950184+00:00, externally triggered: True> successful
[2021-03-09 11:45:29,076] {scheduler_job.py:446} INFO - Skipping SLA check for <DAG: hello_world> because no tasks in DAG have SLAs
[2021-03-09 11:45:29,078] {scheduler_job.py:161} INFO - Processing /home/rep/Documents/Iquall/iquall-stack-practice/Airflow/airflow_home/dags/hello_world.py took 0.556 seconds
[2021-03-09 11:46:16,566] {scheduler_job.py:153} INFO - Started process (PID=31375) to work on /home/rep/Documents/Iquall/iquall-stack-practice/Airflow/airflow_home/dags/hello_world.py
[2021-03-09 11:46:16,568] {scheduler_job.py:1560} INFO - Processing file /home/rep/Documents/Iquall/iquall-stack-practice/Airflow/airflow_home/dags/hello_world.py for tasks to queue
[2021-03-09 11:46:16,569] {logging_mixin.py:112} INFO - [2021-03-09 11:46:16,569] {dagbag.py:403} INFO - Filling up the DagBag from /home/rep/Documents/Iquall/iquall-stack-practice/Airflow/airflow_home/dags/hello_world.py
[2021-03-09 11:46:16,574] {scheduler_job.py:1572} INFO - DAG(s) dict_keys(['hello_world']) retrieved from /home/rep/Documents/Iquall/iquall-stack-practice/Airflow/airflow_home/dags/hello_world.py
[2021-03-09 11:46:16,686] {scheduler_job.py:1282} INFO - Processing hello_world
[2021-03-09 11:46:16,699] {scheduler_job.py:446} INFO - Skipping SLA check for <DAG: hello_world> because no tasks in DAG have SLAs
[2021-03-09 11:46:16,702] {scheduler_job.py:161} INFO - Processing /home/rep/Documents/Iquall/iquall-stack-practice/Airflow/airflow_home/dags/hello_world.py took 0.136 seconds
[2021-03-09 11:47:04,612] {scheduler_job.py:153} INFO - Started process (PID=32063) to work on /home/rep/Documents/Iquall/iquall-stack-practice/Airflow/airflow_home/dags/hello_world.py
[2021-03-09 11:47:04,613] {scheduler_job.py:1560} INFO - Processing file /home/rep/Documents/Iquall/iquall-stack-practice/Airflow/airflow_home/dags/hello_world.py for tasks to queue
[2021-03-09 11:47:04,614] {logging_mixin.py:112} INFO - [2021-03-09 11:47:04,614] {dagbag.py:403} INFO - Filling up the DagBag from /home/rep/Documents/Iquall/iquall-stack-practice/Airflow/airflow_home/dags/hello_world.py
[2021-03-09 11:47:04,618] {scheduler_job.py:1572} INFO - DAG(s) dict_keys(['hello_world']) retrieved from /home/rep/Documents/Iquall/iquall-stack-practice/Airflow/airflow_home/dags/hello_world.py
[2021-03-09 11:47:04,712] {scheduler_job.py:1282} INFO - Processing hello_world
[2021-03-09 11:47:04,722] {scheduler_job.py:446} INFO - Skipping SLA check for <DAG: hello_world> because no tasks in DAG have SLAs
[2021-03-09 11:47:04,725] {scheduler_job.py:161} INFO - Processing /home/rep/Documents/Iquall/iquall-stack-practice/Airflow/airflow_home/dags/hello_world.py took 0.113 seconds
[2021-03-09 11:47:52,655] {scheduler_job.py:153} INFO - Started process (PID=32746) to work on /home/rep/Documents/Iquall/iquall-stack-practice/Airflow/airflow_home/dags/hello_world.py
[2021-03-09 11:47:52,657] {scheduler_job.py:1560} INFO - Processing file /home/rep/Documents/Iquall/iquall-stack-practice/Airflow/airflow_home/dags/hello_world.py for tasks to queue
[2021-03-09 11:47:52,657] {logging_mixin.py:112} INFO - [2021-03-09 11:47:52,657] {dagbag.py:403} INFO - Filling up the DagBag from /home/rep/Documents/Iquall/iquall-stack-practice/Airflow/airflow_home/dags/hello_world.py
[2021-03-09 11:47:52,662] {scheduler_job.py:1572} INFO - DAG(s) dict_keys(['hello_world']) retrieved from /home/rep/Documents/Iquall/iquall-stack-practice/Airflow/airflow_home/dags/hello_world.py
[2021-03-09 11:47:52,764] {scheduler_job.py:1282} INFO - Processing hello_world
[2021-03-09 11:47:52,775] {scheduler_job.py:446} INFO - Skipping SLA check for <DAG: hello_world> because no tasks in DAG have SLAs
[2021-03-09 11:47:52,777] {scheduler_job.py:161} INFO - Processing /home/rep/Documents/Iquall/iquall-stack-practice/Airflow/airflow_home/dags/hello_world.py took 0.122 seconds
[2021-03-09 11:48:40,705] {scheduler_job.py:153} INFO - Started process (PID=1002) to work on /home/rep/Documents/Iquall/iquall-stack-practice/Airflow/airflow_home/dags/hello_world.py
[2021-03-09 11:48:40,707] {scheduler_job.py:1560} INFO - Processing file /home/rep/Documents/Iquall/iquall-stack-practice/Airflow/airflow_home/dags/hello_world.py for tasks to queue
[2021-03-09 11:48:40,708] {logging_mixin.py:112} INFO - [2021-03-09 11:48:40,708] {dagbag.py:403} INFO - Filling up the DagBag from /home/rep/Documents/Iquall/iquall-stack-practice/Airflow/airflow_home/dags/hello_world.py
[2021-03-09 11:48:40,712] {scheduler_job.py:1572} INFO - DAG(s) dict_keys(['hello_world']) retrieved from /home/rep/Documents/Iquall/iquall-stack-practice/Airflow/airflow_home/dags/hello_world.py
[2021-03-09 11:48:40,864] {scheduler_job.py:1282} INFO - Processing hello_world
[2021-03-09 11:48:40,877] {scheduler_job.py:446} INFO - Skipping SLA check for <DAG: hello_world> because no tasks in DAG have SLAs
[2021-03-09 11:48:40,880] {scheduler_job.py:161} INFO - Processing /home/rep/Documents/Iquall/iquall-stack-practice/Airflow/airflow_home/dags/hello_world.py took 0.174 seconds
[2021-03-09 11:49:28,748] {scheduler_job.py:153} INFO - Started process (PID=1860) to work on /home/rep/Documents/Iquall/iquall-stack-practice/Airflow/airflow_home/dags/hello_world.py
[2021-03-09 11:49:28,750] {scheduler_job.py:1560} INFO - Processing file /home/rep/Documents/Iquall/iquall-stack-practice/Airflow/airflow_home/dags/hello_world.py for tasks to queue
[2021-03-09 11:49:28,750] {logging_mixin.py:112} INFO - [2021-03-09 11:49:28,750] {dagbag.py:403} INFO - Filling up the DagBag from /home/rep/Documents/Iquall/iquall-stack-practice/Airflow/airflow_home/dags/hello_world.py
[2021-03-09 11:49:28,754] {scheduler_job.py:1572} INFO - DAG(s) dict_keys(['hello_world']) retrieved from /home/rep/Documents/Iquall/iquall-stack-practice/Airflow/airflow_home/dags/hello_world.py
[2021-03-09 11:49:28,864] {scheduler_job.py:1282} INFO - Processing hello_world
[2021-03-09 11:49:28,874] {scheduler_job.py:446} INFO - Skipping SLA check for <DAG: hello_world> because no tasks in DAG have SLAs
[2021-03-09 11:49:28,876] {scheduler_job.py:161} INFO - Processing /home/rep/Documents/Iquall/iquall-stack-practice/Airflow/airflow_home/dags/hello_world.py took 0.128 seconds
[2021-03-09 11:50:16,803] {scheduler_job.py:153} INFO - Started process (PID=2937) to work on /home/rep/Documents/Iquall/iquall-stack-practice/Airflow/airflow_home/dags/hello_world.py
[2021-03-09 11:50:16,805] {scheduler_job.py:1560} INFO - Processing file /home/rep/Documents/Iquall/iquall-stack-practice/Airflow/airflow_home/dags/hello_world.py for tasks to queue
[2021-03-09 11:50:16,805] {logging_mixin.py:112} INFO - [2021-03-09 11:50:16,805] {dagbag.py:403} INFO - Filling up the DagBag from /home/rep/Documents/Iquall/iquall-stack-practice/Airflow/airflow_home/dags/hello_world.py
[2021-03-09 11:50:16,810] {scheduler_job.py:1572} INFO - DAG(s) dict_keys(['hello_world']) retrieved from /home/rep/Documents/Iquall/iquall-stack-practice/Airflow/airflow_home/dags/hello_world.py
[2021-03-09 11:50:16,922] {scheduler_job.py:1282} INFO - Processing hello_world
[2021-03-09 11:50:16,934] {scheduler_job.py:446} INFO - Skipping SLA check for <DAG: hello_world> because no tasks in DAG have SLAs
[2021-03-09 11:50:16,936] {scheduler_job.py:161} INFO - Processing /home/rep/Documents/Iquall/iquall-stack-practice/Airflow/airflow_home/dags/hello_world.py took 0.133 seconds
[2021-03-09 11:51:04,842] {scheduler_job.py:153} INFO - Started process (PID=3860) to work on /home/rep/Documents/Iquall/iquall-stack-practice/Airflow/airflow_home/dags/hello_world.py
[2021-03-09 11:51:04,843] {scheduler_job.py:1560} INFO - Processing file /home/rep/Documents/Iquall/iquall-stack-practice/Airflow/airflow_home/dags/hello_world.py for tasks to queue
[2021-03-09 11:51:04,844] {logging_mixin.py:112} INFO - [2021-03-09 11:51:04,844] {dagbag.py:403} INFO - Filling up the DagBag from /home/rep/Documents/Iquall/iquall-stack-practice/Airflow/airflow_home/dags/hello_world.py
[2021-03-09 11:51:04,848] {scheduler_job.py:1572} INFO - DAG(s) dict_keys(['hello_world']) retrieved from /home/rep/Documents/Iquall/iquall-stack-practice/Airflow/airflow_home/dags/hello_world.py
[2021-03-09 11:51:04,951] {scheduler_job.py:1282} INFO - Processing hello_world
[2021-03-09 11:51:04,961] {scheduler_job.py:446} INFO - Skipping SLA check for <DAG: hello_world> because no tasks in DAG have SLAs
[2021-03-09 11:51:04,964] {scheduler_job.py:161} INFO - Processing /home/rep/Documents/Iquall/iquall-stack-practice/Airflow/airflow_home/dags/hello_world.py took 0.122 seconds
[2021-03-09 11:51:52,891] {scheduler_job.py:153} INFO - Started process (PID=4703) to work on /home/rep/Documents/Iquall/iquall-stack-practice/Airflow/airflow_home/dags/hello_world.py
[2021-03-09 11:51:52,892] {scheduler_job.py:1560} INFO - Processing file /home/rep/Documents/Iquall/iquall-stack-practice/Airflow/airflow_home/dags/hello_world.py for tasks to queue
[2021-03-09 11:51:52,893] {logging_mixin.py:112} INFO - [2021-03-09 11:51:52,893] {dagbag.py:403} INFO - Filling up the DagBag from /home/rep/Documents/Iquall/iquall-stack-practice/Airflow/airflow_home/dags/hello_world.py
[2021-03-09 11:51:52,897] {scheduler_job.py:1572} INFO - DAG(s) dict_keys(['hello_world']) retrieved from /home/rep/Documents/Iquall/iquall-stack-practice/Airflow/airflow_home/dags/hello_world.py
[2021-03-09 11:51:52,999] {scheduler_job.py:1282} INFO - Processing hello_world
[2021-03-09 11:51:53,009] {scheduler_job.py:446} INFO - Skipping SLA check for <DAG: hello_world> because no tasks in DAG have SLAs
[2021-03-09 11:51:53,012] {scheduler_job.py:161} INFO - Processing /home/rep/Documents/Iquall/iquall-stack-practice/Airflow/airflow_home/dags/hello_world.py took 0.121 seconds
[2021-03-09 11:52:40,940] {scheduler_job.py:153} INFO - Started process (PID=5479) to work on /home/rep/Documents/Iquall/iquall-stack-practice/Airflow/airflow_home/dags/hello_world.py
[2021-03-09 11:52:40,941] {scheduler_job.py:1560} INFO - Processing file /home/rep/Documents/Iquall/iquall-stack-practice/Airflow/airflow_home/dags/hello_world.py for tasks to queue
[2021-03-09 11:52:40,942] {logging_mixin.py:112} INFO - [2021-03-09 11:52:40,942] {dagbag.py:403} INFO - Filling up the DagBag from /home/rep/Documents/Iquall/iquall-stack-practice/Airflow/airflow_home/dags/hello_world.py
[2021-03-09 11:52:40,946] {scheduler_job.py:1572} INFO - DAG(s) dict_keys(['hello_world']) retrieved from /home/rep/Documents/Iquall/iquall-stack-practice/Airflow/airflow_home/dags/hello_world.py
[2021-03-09 11:52:41,034] {scheduler_job.py:1282} INFO - Processing hello_world
[2021-03-09 11:52:41,045] {scheduler_job.py:446} INFO - Skipping SLA check for <DAG: hello_world> because no tasks in DAG have SLAs
[2021-03-09 11:52:41,047] {scheduler_job.py:161} INFO - Processing /home/rep/Documents/Iquall/iquall-stack-practice/Airflow/airflow_home/dags/hello_world.py took 0.108 seconds
[2021-03-09 11:53:28,988] {scheduler_job.py:153} INFO - Started process (PID=6450) to work on /home/rep/Documents/Iquall/iquall-stack-practice/Airflow/airflow_home/dags/hello_world.py
[2021-03-09 11:53:28,989] {scheduler_job.py:1560} INFO - Processing file /home/rep/Documents/Iquall/iquall-stack-practice/Airflow/airflow_home/dags/hello_world.py for tasks to queue
[2021-03-09 11:53:28,990] {logging_mixin.py:112} INFO - [2021-03-09 11:53:28,990] {dagbag.py:403} INFO - Filling up the DagBag from /home/rep/Documents/Iquall/iquall-stack-practice/Airflow/airflow_home/dags/hello_world.py
[2021-03-09 11:53:28,994] {scheduler_job.py:1572} INFO - DAG(s) dict_keys(['hello_world']) retrieved from /home/rep/Documents/Iquall/iquall-stack-practice/Airflow/airflow_home/dags/hello_world.py
[2021-03-09 11:53:29,107] {scheduler_job.py:1282} INFO - Processing hello_world
[2021-03-09 11:53:29,118] {scheduler_job.py:446} INFO - Skipping SLA check for <DAG: hello_world> because no tasks in DAG have SLAs
[2021-03-09 11:53:29,120] {scheduler_job.py:161} INFO - Processing /home/rep/Documents/Iquall/iquall-stack-practice/Airflow/airflow_home/dags/hello_world.py took 0.132 seconds
[2021-03-09 11:54:17,033] {scheduler_job.py:153} INFO - Started process (PID=7133) to work on /home/rep/Documents/Iquall/iquall-stack-practice/Airflow/airflow_home/dags/hello_world.py
[2021-03-09 11:54:17,035] {scheduler_job.py:1560} INFO - Processing file /home/rep/Documents/Iquall/iquall-stack-practice/Airflow/airflow_home/dags/hello_world.py for tasks to queue
[2021-03-09 11:54:17,035] {logging_mixin.py:112} INFO - [2021-03-09 11:54:17,035] {dagbag.py:403} INFO - Filling up the DagBag from /home/rep/Documents/Iquall/iquall-stack-practice/Airflow/airflow_home/dags/hello_world.py
[2021-03-09 11:54:17,040] {scheduler_job.py:1572} INFO - DAG(s) dict_keys(['hello_world']) retrieved from /home/rep/Documents/Iquall/iquall-stack-practice/Airflow/airflow_home/dags/hello_world.py
[2021-03-09 11:54:17,130] {scheduler_job.py:1282} INFO - Processing hello_world
[2021-03-09 11:54:17,140] {scheduler_job.py:446} INFO - Skipping SLA check for <DAG: hello_world> because no tasks in DAG have SLAs
[2021-03-09 11:54:17,143] {scheduler_job.py:161} INFO - Processing /home/rep/Documents/Iquall/iquall-stack-practice/Airflow/airflow_home/dags/hello_world.py took 0.110 seconds
[2021-03-09 11:55:05,081] {scheduler_job.py:153} INFO - Started process (PID=7893) to work on /home/rep/Documents/Iquall/iquall-stack-practice/Airflow/airflow_home/dags/hello_world.py
[2021-03-09 11:55:05,083] {scheduler_job.py:1560} INFO - Processing file /home/rep/Documents/Iquall/iquall-stack-practice/Airflow/airflow_home/dags/hello_world.py for tasks to queue
[2021-03-09 11:55:05,083] {logging_mixin.py:112} INFO - [2021-03-09 11:55:05,083] {dagbag.py:403} INFO - Filling up the DagBag from /home/rep/Documents/Iquall/iquall-stack-practice/Airflow/airflow_home/dags/hello_world.py
[2021-03-09 11:55:05,087] {scheduler_job.py:1572} INFO - DAG(s) dict_keys(['hello_world']) retrieved from /home/rep/Documents/Iquall/iquall-stack-practice/Airflow/airflow_home/dags/hello_world.py
[2021-03-09 11:55:05,178] {scheduler_job.py:1282} INFO - Processing hello_world
[2021-03-09 11:55:05,188] {scheduler_job.py:446} INFO - Skipping SLA check for <DAG: hello_world> because no tasks in DAG have SLAs
[2021-03-09 11:55:05,191] {scheduler_job.py:161} INFO - Processing /home/rep/Documents/Iquall/iquall-stack-practice/Airflow/airflow_home/dags/hello_world.py took 0.110 seconds
[2021-03-09 11:55:53,130] {scheduler_job.py:153} INFO - Started process (PID=8636) to work on /home/rep/Documents/Iquall/iquall-stack-practice/Airflow/airflow_home/dags/hello_world.py
[2021-03-09 11:55:53,132] {scheduler_job.py:1560} INFO - Processing file /home/rep/Documents/Iquall/iquall-stack-practice/Airflow/airflow_home/dags/hello_world.py for tasks to queue
[2021-03-09 11:55:53,133] {logging_mixin.py:112} INFO - [2021-03-09 11:55:53,132] {dagbag.py:403} INFO - Filling up the DagBag from /home/rep/Documents/Iquall/iquall-stack-practice/Airflow/airflow_home/dags/hello_world.py
[2021-03-09 11:55:53,139] {scheduler_job.py:1572} INFO - DAG(s) dict_keys(['hello_world']) retrieved from /home/rep/Documents/Iquall/iquall-stack-practice/Airflow/airflow_home/dags/hello_world.py
[2021-03-09 11:55:53,230] {scheduler_job.py:1282} INFO - Processing hello_world
[2021-03-09 11:55:53,241] {scheduler_job.py:446} INFO - Skipping SLA check for <DAG: hello_world> because no tasks in DAG have SLAs
[2021-03-09 11:55:53,243] {scheduler_job.py:161} INFO - Processing /home/rep/Documents/Iquall/iquall-stack-practice/Airflow/airflow_home/dags/hello_world.py took 0.113 seconds
[2021-03-09 11:56:41,171] {scheduler_job.py:153} INFO - Started process (PID=9395) to work on /home/rep/Documents/Iquall/iquall-stack-practice/Airflow/airflow_home/dags/hello_world.py
[2021-03-09 11:56:41,173] {scheduler_job.py:1560} INFO - Processing file /home/rep/Documents/Iquall/iquall-stack-practice/Airflow/airflow_home/dags/hello_world.py for tasks to queue
[2021-03-09 11:56:41,173] {logging_mixin.py:112} INFO - [2021-03-09 11:56:41,173] {dagbag.py:403} INFO - Filling up the DagBag from /home/rep/Documents/Iquall/iquall-stack-practice/Airflow/airflow_home/dags/hello_world.py
[2021-03-09 11:56:41,177] {scheduler_job.py:1572} INFO - DAG(s) dict_keys(['hello_world']) retrieved from /home/rep/Documents/Iquall/iquall-stack-practice/Airflow/airflow_home/dags/hello_world.py
[2021-03-09 11:56:41,277] {scheduler_job.py:1282} INFO - Processing hello_world
[2021-03-09 11:56:41,287] {scheduler_job.py:446} INFO - Skipping SLA check for <DAG: hello_world> because no tasks in DAG have SLAs
[2021-03-09 11:56:41,290] {scheduler_job.py:161} INFO - Processing /home/rep/Documents/Iquall/iquall-stack-practice/Airflow/airflow_home/dags/hello_world.py took 0.119 seconds
